2022-09-25 06:43:49:INFO:Start running wmsa...
2022-09-25 06:43:49:INFO:<Storage{'modelname': 'wmsa', 'name': 'Train', 'dataset': 'iemocap', 'test_only': False, 'MAX_Epoch': 20, 'MIN_Epoch': 0, 'num_workers': 0, 'lr_bert': 2e-05, 'lr_other': 5e-05, 'weight_decay_text': 0.001, 'weight_decay_other': 0.001, 'post_text_dropout': 0.0, 'data_dir': 'data/', 'model_save_dir': 'results/models', 'res_save_dir': 'results/results', 'log_dir': None, 'logs_dir': 'results/logs', 'gpu_ids': [0], 'nargs_int_type': None, 'seeds': [0], 'dataPath': '../Datasets/SIMS/unaligned_39.pkl', 'seq_lens': (39, 400, 55), 'feature_dims': (768, 33, 709), 'train_samples': 1368, 'num_classes': 4, 'language': 'cn', 'KeyEval': 'Loss', 'need_normalized': False, 'use_bert': True, 'use_finetune': True, 'early_stop': 4, 'batch_size': 16, 'text_out': 768, 'audio_out': 400, 'video_out': 400, 'post_fusion_dim': 128, 'post_dim': 128, 'output_dim': 4, 'weight_k': 2, 'H': 3.0, 'seed': 0}>
2022-09-25 06:43:49:INFO:Let's use 1 GPUs!
2022-09-25 06:43:49:DEBUG:Starting new HTTPS connection (1): huggingface.co:443
2022-09-25 06:43:50:DEBUG:https://huggingface.co:443 "HEAD /roberta-large/resolve/main/vocab.json HTTP/1.1" 200 0
2022-09-25 06:43:51:DEBUG:Starting new HTTPS connection (1): huggingface.co:443
2022-09-25 06:43:52:DEBUG:https://huggingface.co:443 "HEAD /roberta-large/resolve/main/vocab.json HTTP/1.1" 200 0
2022-09-25 06:43:53:DEBUG:Starting new HTTPS connection (1): huggingface.co:443
2022-09-25 06:43:54:DEBUG:https://huggingface.co:443 "HEAD /roberta-large/resolve/main/vocab.json HTTP/1.1" 200 0
2022-09-25 06:43:55:DEBUG:Starting new HTTPS connection (1): huggingface.co:443
2022-09-25 06:43:56:DEBUG:https://huggingface.co:443 "HEAD /roberta-large/resolve/main/config.json HTTP/1.1" 200 0
2022-09-25 06:44:04:INFO:The model has 360149124 trainable parameters
2022-09-25 06:44:04:INFO:Start training...
2022-09-25 06:47:07:INFO:TRAIN-(False) (1/1/1)>> loss: 1.3857 
2022-09-25 06:47:07:INFO:Text ER: >>  wa_acc: 0.3081  ua_acc: 0.2502  f1: 0.2008 
2022-09-25 06:47:18:INFO:VAL-(False) >> loss: 1.3129 
2022-09-25 06:47:18:INFO:Text ER: >>  wa_acc: 0.5502  ua_acc: 0.2500  f1: 0.1775 
2022-09-25 06:50:31:INFO:TRAIN-(False) (1/2/1)>> loss: 1.3798 
2022-09-25 06:50:31:INFO:Text ER: >>  wa_acc: 0.3257  ua_acc: 0.2237  f1: 0.1635 
2022-09-25 06:50:42:INFO:VAL-(False) >> loss: 1.3120 
2022-09-25 06:50:42:INFO:Text ER: >>  wa_acc: 0.5502  ua_acc: 0.2500  f1: 0.1775 
2022-09-25 06:53:54:INFO:TRAIN-(False) (1/3/1)>> loss: 1.3768 
2022-09-25 06:53:54:INFO:Text ER: >>  wa_acc: 0.3286  ua_acc: 0.2216  f1: 0.1557 
2022-09-25 06:54:04:INFO:VAL-(False) >> loss: 1.2851 
2022-09-25 06:54:04:INFO:Text ER: >>  wa_acc: 0.5502  ua_acc: 0.2500  f1: 0.1775 
2022-09-25 06:57:17:INFO:TRAIN-(False) (1/4/1)>> loss: 1.2932 
2022-09-25 06:57:18:INFO:Text ER: >>  wa_acc: 0.3790  ua_acc: 0.3642  f1: 0.3682 
2022-09-25 06:57:28:INFO:VAL-(False) >> loss: 0.9978 
2022-09-25 06:57:28:INFO:Text ER: >>  wa_acc: 0.6332  ua_acc: 0.5546  f1: 0.4975 
2022-09-25 07:00:40:INFO:TRAIN-(False) (1/5/1)>> loss: 0.9743 
2022-09-25 07:00:40:INFO:Text ER: >>  wa_acc: 0.5965  ua_acc: 0.5926  f1: 0.5665 
2022-09-25 07:00:51:INFO:VAL-(False) >> loss: 0.8747 
2022-09-25 07:00:51:INFO:Text ER: >>  wa_acc: 0.6711  ua_acc: 0.6270  f1: 0.5370 
2022-09-25 07:04:04:INFO:TRAIN-(False) (1/6/1)>> loss: 0.8204 
2022-09-25 07:04:04:INFO:Text ER: >>  wa_acc: 0.6594  ua_acc: 0.6723  f1: 0.6435 
2022-09-25 07:04:14:INFO:VAL-(False) >> loss: 0.7803 
2022-09-25 07:04:14:INFO:Text ER: >>  wa_acc: 0.7080  ua_acc: 0.6367  f1: 0.5874 
2022-09-25 07:07:27:INFO:TRAIN-(False) (1/7/1)>> loss: 0.7533 
2022-09-25 07:07:27:INFO:Text ER: >>  wa_acc: 0.6808  ua_acc: 0.6992  f1: 0.6745 
2022-09-25 07:07:38:INFO:VAL-(False) >> loss: 0.7775 
2022-09-25 07:07:38:INFO:Text ER: >>  wa_acc: 0.7090  ua_acc: 0.6239  f1: 0.6081 
2022-09-25 07:10:50:INFO:TRAIN-(False) (1/8/1)>> loss: 0.6886 
2022-09-25 07:10:50:INFO:Text ER: >>  wa_acc: 0.7070  ua_acc: 0.7265  f1: 0.7025 
2022-09-25 07:11:01:INFO:VAL-(False) >> loss: 0.7122 
2022-09-25 07:11:01:INFO:Text ER: >>  wa_acc: 0.7172  ua_acc: 0.6617  f1: 0.6208 
2022-09-25 07:14:13:INFO:TRAIN-(False) (1/9/1)>> loss: 0.6285 
2022-09-25 07:14:14:INFO:Text ER: >>  wa_acc: 0.7341  ua_acc: 0.7577  f1: 0.7362 
2022-09-25 07:14:24:INFO:VAL-(False) >> loss: 0.7048 
2022-09-25 07:14:24:INFO:Text ER: >>  wa_acc: 0.7346  ua_acc: 0.6660  f1: 0.6510 
2022-09-25 07:17:37:INFO:TRAIN-(False) (1/10/1)>> loss: 0.5977 
2022-09-25 07:17:37:INFO:Text ER: >>  wa_acc: 0.7418  ua_acc: 0.7671  f1: 0.7449 
2022-09-25 07:17:48:INFO:VAL-(False) >> loss: 0.7942 
2022-09-25 07:17:48:INFO:Text ER: >>  wa_acc: 0.7398  ua_acc: 0.6073  f1: 0.6386 
2022-09-25 07:20:53:INFO:TRAIN-(False) (2/11/1)>> loss: 0.5700 
2022-09-25 07:20:54:INFO:Text ER: >>  wa_acc: 0.7559  ua_acc: 0.7805  f1: 0.7612 
2022-09-25 07:21:04:INFO:VAL-(False) >> loss: 0.8663 
2022-09-25 07:21:04:INFO:Text ER: >>  wa_acc: 0.7234  ua_acc: 0.5761  f1: 0.6179 
2022-09-25 07:24:10:INFO:TRAIN-(False) (3/12/1)>> loss: 0.5567 
2022-09-25 07:24:10:INFO:Text ER: >>  wa_acc: 0.7624  ua_acc: 0.7844  f1: 0.7677 
2022-09-25 07:24:20:INFO:VAL-(False) >> loss: 0.8030 
2022-09-25 07:24:20:INFO:Text ER: >>  wa_acc: 0.6783  ua_acc: 0.6627  f1: 0.6195 
2022-09-25 07:27:26:INFO:TRAIN-(False) (4/13/1)>> loss: 0.5249 
2022-09-25 07:27:26:INFO:Text ER: >>  wa_acc: 0.7802  ua_acc: 0.8039  f1: 0.7862 
2022-09-25 07:27:37:INFO:VAL-(False) >> loss: 0.7645 
2022-09-25 07:27:37:INFO:Text ER: >>  wa_acc: 0.6988  ua_acc: 0.6480  f1: 0.6324 
2022-09-25 07:27:56:INFO:TEST-(False) >> loss: 0.7924 
2022-09-25 07:27:56:INFO:Text ER: >>  wa_acc: 0.6999  ua_acc: 0.6921  f1: 0.6944 
2022-09-25 07:27:57:INFO:Results are added to results/results/wmsa-Train-2022-9-25-6-43.csv...
