2022-09-25 06:19:46:INFO:Start running wmsa...
2022-09-25 06:19:46:INFO:<Storage{'modelname': 'wmsa', 'name': 'Train', 'dataset': 'iemocap', 'test_only': False, 'MAX_Epoch': 20, 'MIN_Epoch': 0, 'num_workers': 0, 'lr_bert': 2e-05, 'lr_other': 5e-05, 'weight_decay_text': 0.001, 'weight_decay_other': 0.001, 'post_text_dropout': 0.0, 'data_dir': 'data/', 'model_save_dir': 'results/models', 'res_save_dir': 'results/results', 'log_dir': None, 'logs_dir': 'results/logs', 'gpu_ids': [0], 'nargs_int_type': None, 'seeds': [0], 'dataPath': '../Datasets/SIMS/unaligned_39.pkl', 'seq_lens': (39, 400, 55), 'feature_dims': (768, 33, 709), 'train_samples': 1368, 'num_classes': 4, 'language': 'cn', 'KeyEval': 'Loss', 'need_normalized': False, 'use_bert': True, 'use_finetune': True, 'early_stop': 4, 'batch_size': 16, 'text_out': 768, 'audio_out': 400, 'video_out': 400, 'post_fusion_dim': 128, 'post_dim': 128, 'output_dim': 4, 'weight_k': 2, 'H': 3.0, 'seed': 0}>
2022-09-25 06:19:46:INFO:Let's use 1 GPUs!
2022-09-25 06:19:46:DEBUG:Starting new HTTPS connection (1): huggingface.co:443
2022-09-25 06:19:47:DEBUG:https://huggingface.co:443 "HEAD /roberta-large/resolve/main/vocab.json HTTP/1.1" 200 0
2022-09-25 06:19:47:DEBUG:Starting new HTTPS connection (1): huggingface.co:443
2022-09-25 06:19:48:DEBUG:https://huggingface.co:443 "HEAD /roberta-large/resolve/main/vocab.json HTTP/1.1" 200 0
2022-09-25 06:19:48:DEBUG:Starting new HTTPS connection (1): huggingface.co:443
2022-09-25 06:19:49:DEBUG:https://huggingface.co:443 "HEAD /roberta-large/resolve/main/vocab.json HTTP/1.1" 200 0
2022-09-25 06:19:49:DEBUG:Starting new HTTPS connection (1): huggingface.co:443
2022-09-25 06:19:50:DEBUG:https://huggingface.co:443 "HEAD /roberta-large/resolve/main/config.json HTTP/1.1" 200 0
2022-09-25 06:19:58:INFO:The model has 360149124 trainable parameters
2022-09-25 06:19:58:INFO:Start training...
2022-09-25 06:22:58:INFO:TRAIN-(False) (1/1/1)>> loss: 1.3859 
2022-09-25 06:22:58:INFO:Text ER: >>  wa_acc: 0.3064  ua_acc: 0.2500  f1: 0.2001 
2022-09-25 06:23:08:INFO:VAL-(False) >> loss: 1.3140 
2022-09-25 06:23:08:INFO:Text ER: >>  wa_acc: 0.5502  ua_acc: 0.2500  f1: 0.1775 
2022-09-25 06:27:00:INFO:TRAIN-(False) (1/2/1)>> loss: 1.3795 
2022-09-25 06:27:00:INFO:Text ER: >>  wa_acc: 0.3117  ua_acc: 0.2213  f1: 0.1729 
2022-09-25 06:27:10:INFO:VAL-(False) >> loss: 1.3120 
2022-09-25 06:27:10:INFO:Text ER: >>  wa_acc: 0.5502  ua_acc: 0.2500  f1: 0.1775 
2022-09-25 06:30:21:INFO:TRAIN-(False) (1/3/1)>> loss: 1.3784 
2022-09-25 06:30:21:INFO:Text ER: >>  wa_acc: 0.3454  ua_acc: 0.2335  f1: 0.1649 
2022-09-25 06:30:31:INFO:VAL-(False) >> loss: 1.3133 
2022-09-25 06:30:31:INFO:Text ER: >>  wa_acc: 0.5502  ua_acc: 0.2500  f1: 0.1775 
2022-09-25 06:33:35:INFO:TRAIN-(False) (2/4/1)>> loss: 1.3771 
2022-09-25 06:33:35:INFO:Text ER: >>  wa_acc: 0.3620  ua_acc: 0.2396  f1: 0.1582 
2022-09-25 06:33:45:INFO:VAL-(False) >> loss: 1.3182 
2022-09-25 06:33:45:INFO:Text ER: >>  wa_acc: 0.5502  ua_acc: 0.2500  f1: 0.1775 
2022-09-25 06:36:49:INFO:TRAIN-(False) (3/5/1)>> loss: 1.3736 
2022-09-25 06:36:49:INFO:Text ER: >>  wa_acc: 0.3733  ua_acc: 0.2464  f1: 0.1539 
2022-09-25 06:36:59:INFO:VAL-(False) >> loss: 1.3171 
2022-09-25 06:36:59:INFO:Text ER: >>  wa_acc: 0.5502  ua_acc: 0.2500  f1: 0.1775 
2022-09-25 06:40:03:INFO:TRAIN-(False) (4/6/1)>> loss: 1.3770 
2022-09-25 06:40:03:INFO:Text ER: >>  wa_acc: 0.3536  ua_acc: 0.2357  f1: 0.1605 
2022-09-25 06:40:13:INFO:VAL-(False) >> loss: 1.3151 
2022-09-25 06:40:13:INFO:Text ER: >>  wa_acc: 0.5502  ua_acc: 0.2500  f1: 0.1775 
2022-09-25 06:40:33:INFO:TEST-(False) >> loss: 1.3951 
2022-09-25 06:40:33:INFO:Text ER: >>  wa_acc: 0.3373  ua_acc: 0.2500  f1: 0.1261 
2022-09-25 06:40:34:INFO:Results are added to results/results/wmsa-Train-2022-9-25-6-19.csv...
