2022-09-25 16:52:34:INFO:Start running wmsa...
2022-09-25 16:52:34:INFO:<Storage{'modelname': 'wmsa', 'name': 'Train', 'dataset': 'iemocap', 'test_only': False, 'MAX_Epoch': 20, 'MIN_Epoch': 0, 'num_workers': 0, 'lr_bert': 2e-05, 'lr_other': 5e-05, 'weight_decay_text': 0.001, 'weight_decay_other': 0.001, 'post_text_dropout': 0.0, 'data_dir': 'data/', 'model_save_dir': 'results/models', 'res_save_dir': 'results/results', 'log_dir': None, 'logs_dir': 'results/logs', 'gpu_ids': [0], 'nargs_int_type': None, 'seeds': [0], 'dataPath': '../Datasets/SIMS/unaligned_39.pkl', 'seq_lens': (39, 400, 55), 'feature_dims': (768, 33, 709), 'train_samples': 1368, 'num_classes': 5, 'language': 'cn', 'KeyEval': 'Loss', 'need_normalized': False, 'use_bert': True, 'use_finetune': True, 'early_stop': 4, 'batch_size': 16, 'text_out': 768, 'audio_out': 400, 'video_out': 400, 'post_fusion_dim': 128, 'post_dim': 128, 'output_dim': 5, 'weight_k': 2, 'H': 3.0, 'seed': 0}>
2022-09-25 16:52:34:INFO:Let's use 1 GPUs!
2022-09-25 16:52:34:DEBUG:Starting new HTTPS connection (1): huggingface.co:443
2022-09-25 16:52:34:DEBUG:https://huggingface.co:443 "HEAD /roberta-large/resolve/main/vocab.json HTTP/1.1" 200 0
2022-09-25 16:52:34:DEBUG:Attempting to acquire lock 139792369441568 on /root/.cache/huggingface/hub/models--roberta-large/blobs/5606f48548d99a9829d10a96cd364b816b02cd21.lock
2022-09-25 16:52:34:DEBUG:Lock 139792369441568 acquired on /root/.cache/huggingface/hub/models--roberta-large/blobs/5606f48548d99a9829d10a96cd364b816b02cd21.lock
2022-09-25 16:52:34:DEBUG:Starting new HTTPS connection (1): huggingface.co:443
2022-09-25 16:52:34:DEBUG:https://huggingface.co:443 "GET /roberta-large/resolve/main/vocab.json HTTP/1.1" 200 898823
2022-09-25 16:52:35:DEBUG:Attempting to release lock 139792369441568 on /root/.cache/huggingface/hub/models--roberta-large/blobs/5606f48548d99a9829d10a96cd364b816b02cd21.lock
2022-09-25 16:52:35:DEBUG:Lock 139792369441568 released on /root/.cache/huggingface/hub/models--roberta-large/blobs/5606f48548d99a9829d10a96cd364b816b02cd21.lock
2022-09-25 16:52:35:DEBUG:Starting new HTTPS connection (1): huggingface.co:443
2022-09-25 16:52:35:DEBUG:https://huggingface.co:443 "HEAD /roberta-large/resolve/main/merges.txt HTTP/1.1" 200 0
2022-09-25 16:52:35:DEBUG:Attempting to acquire lock 139792655693232 on /root/.cache/huggingface/hub/models--roberta-large/blobs/226b0752cac7789c48f0cb3ec53eda48b7be36cc.lock
2022-09-25 16:52:35:DEBUG:Lock 139792655693232 acquired on /root/.cache/huggingface/hub/models--roberta-large/blobs/226b0752cac7789c48f0cb3ec53eda48b7be36cc.lock
2022-09-25 16:52:35:DEBUG:Starting new HTTPS connection (1): huggingface.co:443
2022-09-25 16:52:35:DEBUG:https://huggingface.co:443 "GET /roberta-large/resolve/main/merges.txt HTTP/1.1" 200 456318
2022-09-25 16:52:35:DEBUG:Attempting to release lock 139792655693232 on /root/.cache/huggingface/hub/models--roberta-large/blobs/226b0752cac7789c48f0cb3ec53eda48b7be36cc.lock
2022-09-25 16:52:35:DEBUG:Lock 139792655693232 released on /root/.cache/huggingface/hub/models--roberta-large/blobs/226b0752cac7789c48f0cb3ec53eda48b7be36cc.lock
2022-09-25 16:52:35:DEBUG:Starting new HTTPS connection (1): huggingface.co:443
2022-09-25 16:52:35:DEBUG:https://huggingface.co:443 "HEAD /roberta-large/resolve/main/added_tokens.json HTTP/1.1" 404 0
2022-09-25 16:52:35:DEBUG:Starting new HTTPS connection (1): huggingface.co:443
2022-09-25 16:52:35:DEBUG:https://huggingface.co:443 "HEAD /roberta-large/resolve/main/special_tokens_map.json HTTP/1.1" 404 0
2022-09-25 16:52:35:DEBUG:Starting new HTTPS connection (1): huggingface.co:443
2022-09-25 16:52:35:DEBUG:https://huggingface.co:443 "HEAD /roberta-large/resolve/main/tokenizer_config.json HTTP/1.1" 404 0
2022-09-25 16:52:35:DEBUG:Starting new HTTPS connection (1): huggingface.co:443
2022-09-25 16:52:36:DEBUG:https://huggingface.co:443 "HEAD /roberta-large/resolve/main/config.json HTTP/1.1" 200 0
2022-09-25 16:52:36:DEBUG:Attempting to acquire lock 139792364443152 on /root/.cache/huggingface/hub/models--roberta-large/blobs/b92478606f827116a06a51500cdf1fccb3b96af1.lock
2022-09-25 16:52:36:DEBUG:Lock 139792364443152 acquired on /root/.cache/huggingface/hub/models--roberta-large/blobs/b92478606f827116a06a51500cdf1fccb3b96af1.lock
2022-09-25 16:52:36:DEBUG:Starting new HTTPS connection (1): huggingface.co:443
2022-09-25 16:52:36:DEBUG:https://huggingface.co:443 "GET /roberta-large/resolve/main/config.json HTTP/1.1" 200 482
2022-09-25 16:52:36:DEBUG:Attempting to release lock 139792364443152 on /root/.cache/huggingface/hub/models--roberta-large/blobs/b92478606f827116a06a51500cdf1fccb3b96af1.lock
2022-09-25 16:52:36:DEBUG:Lock 139792364443152 released on /root/.cache/huggingface/hub/models--roberta-large/blobs/b92478606f827116a06a51500cdf1fccb3b96af1.lock
2022-09-25 16:52:36:DEBUG:Starting new HTTPS connection (1): huggingface.co:443
2022-09-25 16:52:36:DEBUG:https://huggingface.co:443 "HEAD /roberta-large/resolve/main/vocab.json HTTP/1.1" 200 0
