2022-09-25 05:35:38:INFO:Start running wmsa...
2022-09-25 05:35:38:INFO:<Storage{'modelname': 'wmsa', 'name': 'Train', 'dataset': 'iemocap', 'test_only': False, 'MAX_Epoch': 20, 'MIN_Epoch': 0, 'num_workers': 0, 'lr_bert': 2e-05, 'lr_other': 5e-05, 'weight_decay_text': 0.001, 'weight_decay_other': 0.001, 'post_text_dropout': 0.0, 'data_dir': 'data/', 'model_save_dir': 'results/models', 'res_save_dir': 'results/results', 'log_dir': None, 'logs_dir': 'results/logs', 'gpu_ids': [0], 'nargs_int_type': None, 'seeds': [0], 'dataPath': '../Datasets/SIMS/unaligned_39.pkl', 'seq_lens': (39, 400, 55), 'feature_dims': (768, 33, 709), 'train_samples': 1368, 'num_classes': 6, 'language': 'cn', 'KeyEval': 'Loss', 'need_normalized': False, 'use_bert': True, 'use_finetune': True, 'early_stop': 4, 'batch_size': 16, 'text_out': 768, 'audio_out': 400, 'video_out': 400, 'post_fusion_dim': 128, 'post_dim': 128, 'output_dim': 6, 'weight_k': 2, 'H': 3.0, 'seed': 0}>
2022-09-25 05:35:38:INFO:Let's use 1 GPUs!
2022-09-25 05:35:38:DEBUG:Starting new HTTPS connection (1): huggingface.co:443
2022-09-25 05:35:39:DEBUG:https://huggingface.co:443 "HEAD /roberta-large/resolve/main/vocab.json HTTP/1.1" 200 0
2022-09-25 05:35:39:DEBUG:Attempting to acquire lock 140672202140448 on /root/.cache/huggingface/hub/models--roberta-large/blobs/5606f48548d99a9829d10a96cd364b816b02cd21.lock
2022-09-25 05:35:39:DEBUG:Lock 140672202140448 acquired on /root/.cache/huggingface/hub/models--roberta-large/blobs/5606f48548d99a9829d10a96cd364b816b02cd21.lock
2022-09-25 05:35:39:DEBUG:Starting new HTTPS connection (1): huggingface.co:443
2022-09-25 05:35:40:DEBUG:https://huggingface.co:443 "GET /roberta-large/resolve/main/vocab.json HTTP/1.1" 200 898823
2022-09-25 05:35:42:DEBUG:Attempting to release lock 140672202140448 on /root/.cache/huggingface/hub/models--roberta-large/blobs/5606f48548d99a9829d10a96cd364b816b02cd21.lock
2022-09-25 05:35:42:DEBUG:Lock 140672202140448 released on /root/.cache/huggingface/hub/models--roberta-large/blobs/5606f48548d99a9829d10a96cd364b816b02cd21.lock
2022-09-25 05:35:42:DEBUG:Starting new HTTPS connection (1): huggingface.co:443
2022-09-25 05:35:42:DEBUG:https://huggingface.co:443 "HEAD /roberta-large/resolve/main/merges.txt HTTP/1.1" 200 0
2022-09-25 05:35:42:DEBUG:Attempting to acquire lock 140672488388064 on /root/.cache/huggingface/hub/models--roberta-large/blobs/226b0752cac7789c48f0cb3ec53eda48b7be36cc.lock
2022-09-25 05:35:42:DEBUG:Lock 140672488388064 acquired on /root/.cache/huggingface/hub/models--roberta-large/blobs/226b0752cac7789c48f0cb3ec53eda48b7be36cc.lock
2022-09-25 05:35:42:DEBUG:Starting new HTTPS connection (1): huggingface.co:443
2022-09-25 05:35:43:DEBUG:https://huggingface.co:443 "GET /roberta-large/resolve/main/merges.txt HTTP/1.1" 200 456318
2022-09-25 05:35:45:DEBUG:Attempting to release lock 140672488388064 on /root/.cache/huggingface/hub/models--roberta-large/blobs/226b0752cac7789c48f0cb3ec53eda48b7be36cc.lock
2022-09-25 05:35:45:DEBUG:Lock 140672488388064 released on /root/.cache/huggingface/hub/models--roberta-large/blobs/226b0752cac7789c48f0cb3ec53eda48b7be36cc.lock
2022-09-25 05:35:45:DEBUG:Starting new HTTPS connection (1): huggingface.co:443
2022-09-25 05:35:46:DEBUG:https://huggingface.co:443 "HEAD /roberta-large/resolve/main/added_tokens.json HTTP/1.1" 404 0
2022-09-25 05:35:46:DEBUG:Starting new HTTPS connection (1): huggingface.co:443
2022-09-25 05:35:47:DEBUG:https://huggingface.co:443 "HEAD /roberta-large/resolve/main/special_tokens_map.json HTTP/1.1" 404 0
2022-09-25 05:35:47:DEBUG:Starting new HTTPS connection (1): huggingface.co:443
2022-09-25 05:35:47:DEBUG:https://huggingface.co:443 "HEAD /roberta-large/resolve/main/tokenizer_config.json HTTP/1.1" 404 0
2022-09-25 05:35:47:DEBUG:Starting new HTTPS connection (1): huggingface.co:443
2022-09-25 05:35:48:DEBUG:https://huggingface.co:443 "HEAD /roberta-large/resolve/main/config.json HTTP/1.1" 200 0
2022-09-25 05:35:48:DEBUG:Attempting to acquire lock 140672197142032 on /root/.cache/huggingface/hub/models--roberta-large/blobs/b92478606f827116a06a51500cdf1fccb3b96af1.lock
2022-09-25 05:35:48:DEBUG:Lock 140672197142032 acquired on /root/.cache/huggingface/hub/models--roberta-large/blobs/b92478606f827116a06a51500cdf1fccb3b96af1.lock
2022-09-25 05:35:48:DEBUG:Starting new HTTPS connection (1): huggingface.co:443
2022-09-25 05:35:49:DEBUG:https://huggingface.co:443 "GET /roberta-large/resolve/main/config.json HTTP/1.1" 200 482
2022-09-25 05:35:49:DEBUG:Attempting to release lock 140672197142032 on /root/.cache/huggingface/hub/models--roberta-large/blobs/b92478606f827116a06a51500cdf1fccb3b96af1.lock
2022-09-25 05:35:49:DEBUG:Lock 140672197142032 released on /root/.cache/huggingface/hub/models--roberta-large/blobs/b92478606f827116a06a51500cdf1fccb3b96af1.lock
2022-09-25 05:35:50:DEBUG:Starting new HTTPS connection (1): huggingface.co:443
2022-09-25 05:35:51:DEBUG:https://huggingface.co:443 "HEAD /roberta-large/resolve/main/vocab.json HTTP/1.1" 200 0
2022-09-25 05:35:52:DEBUG:Starting new HTTPS connection (1): huggingface.co:443
2022-09-25 05:35:53:DEBUG:https://huggingface.co:443 "HEAD /roberta-large/resolve/main/vocab.json HTTP/1.1" 200 0
2022-09-25 05:35:54:DEBUG:Starting new HTTPS connection (1): huggingface.co:443
2022-09-25 05:35:55:DEBUG:https://huggingface.co:443 "HEAD /roberta-large/resolve/main/config.json HTTP/1.1" 200 0
2022-09-25 05:35:55:DEBUG:Starting new HTTPS connection (1): huggingface.co:443
2022-09-25 05:35:56:DEBUG:https://huggingface.co:443 "HEAD /roberta-large/resolve/main/pytorch_model.bin HTTP/1.1" 302 0
2022-09-25 05:35:56:DEBUG:Attempting to acquire lock 140672067382096 on /root/.cache/huggingface/hub/models--roberta-large/blobs/36a10a8b694fadf9bf4f9049d14e257e88be45313ae02d882af9e60f39b8b2e8.lock
2022-09-25 05:35:56:DEBUG:Lock 140672067382096 acquired on /root/.cache/huggingface/hub/models--roberta-large/blobs/36a10a8b694fadf9bf4f9049d14e257e88be45313ae02d882af9e60f39b8b2e8.lock
2022-09-25 05:35:56:DEBUG:Starting new HTTPS connection (1): cdn-lfs.huggingface.co:443
2022-09-25 05:35:56:DEBUG:https://cdn-lfs.huggingface.co:443 "GET /roberta-large/36a10a8b694fadf9bf4f9049d14e257e88be45313ae02d882af9e60f39b8b2e8?response-content-disposition=attachment%3B%20filename%3D%22pytorch_model.bin%22 HTTP/1.1" 200 1425941629
2022-09-25 05:36:16:DEBUG:Attempting to release lock 140672067382096 on /root/.cache/huggingface/hub/models--roberta-large/blobs/36a10a8b694fadf9bf4f9049d14e257e88be45313ae02d882af9e60f39b8b2e8.lock
2022-09-25 05:36:16:DEBUG:Lock 140672067382096 released on /root/.cache/huggingface/hub/models--roberta-large/blobs/36a10a8b694fadf9bf4f9049d14e257e88be45313ae02d882af9e60f39b8b2e8.lock
2022-09-25 05:36:25:INFO:The model has 360149382 trainable parameters
2022-09-25 05:36:25:INFO:Start training...
