2022-09-25 18:50:38:INFO:Start running wmsa...
2022-09-25 18:50:38:INFO:<Storage{'modelname': 'wmsa', 'name': 'Train', 'dataset': 'iemocap', 'test_only': False, 'MAX_Epoch': 20, 'MIN_Epoch': 0, 'num_workers': 0, 'lr_bert': 2e-05, 'lr_other': 5e-05, 'weight_decay_text': 0.001, 'weight_decay_other': 0.001, 'post_text_dropout': 0.0, 'data_dir': 'data/', 'model_save_dir': 'results/models', 'res_save_dir': 'results/results', 'log_dir': None, 'logs_dir': 'results/logs', 'gpu_ids': [0], 'nargs_int_type': None, 'seeds': [0], 'dataPath': '../Datasets/SIMS/unaligned_39.pkl', 'seq_lens': (39, 400, 55), 'feature_dims': (768, 33, 709), 'train_samples': 1368, 'num_classes': 5, 'language': 'cn', 'KeyEval': 'Loss', 'need_normalized': False, 'use_bert': True, 'use_finetune': True, 'early_stop': 4, 'batch_size': 16, 'text_out': 768, 'audio_out': 400, 'video_out': 400, 'post_fusion_dim': 128, 'post_dim': 128, 'output_dim': 6, 'weight_k': 2, 'H': 3.0, 'seed': 0}>
2022-09-25 18:50:38:INFO:Let's use 1 GPUs!
2022-09-25 18:50:38:DEBUG:Starting new HTTPS connection (1): huggingface.co:443
2022-09-25 18:50:38:DEBUG:https://huggingface.co:443 "HEAD /roberta-large/resolve/main/vocab.json HTTP/1.1" 200 0
2022-09-25 18:50:39:DEBUG:Starting new HTTPS connection (1): huggingface.co:443
2022-09-25 18:50:39:DEBUG:https://huggingface.co:443 "HEAD /roberta-large/resolve/main/vocab.json HTTP/1.1" 200 0
2022-09-25 18:50:39:DEBUG:Starting new HTTPS connection (1): huggingface.co:443
2022-09-25 18:50:40:DEBUG:https://huggingface.co:443 "HEAD /roberta-large/resolve/main/vocab.json HTTP/1.1" 200 0
2022-09-25 18:50:40:DEBUG:Starting new HTTPS connection (1): huggingface.co:443
2022-09-25 18:50:40:DEBUG:https://huggingface.co:443 "HEAD /roberta-large/resolve/main/config.json HTTP/1.1" 200 0
2022-09-25 18:50:48:INFO:The model has 360149382 trainable parameters
2022-09-25 18:50:48:INFO:Start training...
2022-09-25 18:53:46:INFO:TRAIN-(False) (1/1/1)>> loss: 1.7903 
2022-09-25 18:53:46:INFO:Text ER: >>  wa_acc: 0.2328  ua_acc: 0.1605  f1: 0.1067 
2022-09-25 18:53:59:INFO:VAL-(False) >> loss: 1.7548 
2022-09-25 18:53:59:INFO:Text ER: >>  wa_acc: 0.3195  ua_acc: 0.1667  f1: 0.0807 
2022-09-25 18:57:08:INFO:TRAIN-(False) (1/2/1)>> loss: 1.7846 
2022-09-25 18:57:08:INFO:Text ER: >>  wa_acc: 0.2297  ua_acc: 0.1583  f1: 0.1075 
2022-09-25 18:57:21:INFO:VAL-(False) >> loss: 1.7582 
2022-09-25 18:57:21:INFO:Text ER: >>  wa_acc: 0.3195  ua_acc: 0.1667  f1: 0.0807 
2022-09-25 19:00:22:INFO:TRAIN-(False) (2/3/1)>> loss: 1.7823 
2022-09-25 19:00:22:INFO:Text ER: >>  wa_acc: 0.2269  ua_acc: 0.1564  f1: 0.1054 
2022-09-25 19:00:35:INFO:VAL-(False) >> loss: 1.7549 
2022-09-25 19:00:35:INFO:Text ER: >>  wa_acc: 0.3195  ua_acc: 0.1667  f1: 0.0807 
2022-09-25 19:03:36:INFO:TRAIN-(False) (3/4/1)>> loss: 1.7826 
2022-09-25 19:03:36:INFO:Text ER: >>  wa_acc: 0.2238  ua_acc: 0.1543  f1: 0.1006 
2022-09-25 19:03:49:INFO:VAL-(False) >> loss: 1.7530 
2022-09-25 19:03:49:INFO:Text ER: >>  wa_acc: 0.3195  ua_acc: 0.1667  f1: 0.0807 
2022-09-25 19:06:58:INFO:TRAIN-(False) (1/5/1)>> loss: 1.7827 
2022-09-25 19:06:58:INFO:Text ER: >>  wa_acc: 0.2328  ua_acc: 0.1611  f1: 0.1007 
2022-09-25 19:07:11:INFO:VAL-(False) >> loss: 1.7559 
2022-09-25 19:07:11:INFO:Text ER: >>  wa_acc: 0.3195  ua_acc: 0.1667  f1: 0.0807 
2022-09-25 19:10:12:INFO:TRAIN-(False) (2/6/1)>> loss: 1.7805 
2022-09-25 19:10:12:INFO:Text ER: >>  wa_acc: 0.2278  ua_acc: 0.1577  f1: 0.0976 
2022-09-25 19:10:25:INFO:VAL-(False) >> loss: 1.7544 
2022-09-25 19:10:25:INFO:Text ER: >>  wa_acc: 0.3195  ua_acc: 0.1667  f1: 0.0807 
2022-09-25 19:13:26:INFO:TRAIN-(False) (3/7/1)>> loss: 1.7856 
2022-09-25 19:13:27:INFO:Text ER: >>  wa_acc: 0.2334  ua_acc: 0.1663  f1: 0.1216 
2022-09-25 19:13:39:INFO:VAL-(False) >> loss: 1.7524 
2022-09-25 19:13:39:INFO:Text ER: >>  wa_acc: 0.3195  ua_acc: 0.1667  f1: 0.0807 
2022-09-25 19:16:47:INFO:TRAIN-(False) (1/8/1)>> loss: 1.7702 
2022-09-25 19:16:48:INFO:Text ER: >>  wa_acc: 0.2326  ua_acc: 0.1663  f1: 0.1229 
2022-09-25 19:17:01:INFO:VAL-(False) >> loss: 1.7455 
2022-09-25 19:17:01:INFO:Text ER: >>  wa_acc: 0.2578  ua_acc: 0.2262  f1: 0.1553 
2022-09-25 19:20:08:INFO:TRAIN-(False) (1/9/1)>> loss: 1.6777 
2022-09-25 19:20:09:INFO:Text ER: >>  wa_acc: 0.2592  ua_acc: 0.2293  f1: 0.2054 
2022-09-25 19:20:21:INFO:VAL-(False) >> loss: 1.9127 
2022-09-25 19:20:22:INFO:Text ER: >>  wa_acc: 0.3039  ua_acc: 0.2727  f1: 0.1818 
2022-09-25 19:23:22:INFO:TRAIN-(False) (2/10/1)>> loss: 1.4443 
2022-09-25 19:23:22:INFO:Text ER: >>  wa_acc: 0.3735  ua_acc: 0.3825  f1: 0.3383 
2022-09-25 19:23:35:INFO:VAL-(False) >> loss: 1.3251 
2022-09-25 19:23:35:INFO:Text ER: >>  wa_acc: 0.4211  ua_acc: 0.4298  f1: 0.3386 
2022-09-25 19:26:43:INFO:TRAIN-(False) (1/11/1)>> loss: 1.2855 
2022-09-25 19:26:43:INFO:Text ER: >>  wa_acc: 0.4354  ua_acc: 0.4592  f1: 0.4206 
2022-09-25 19:26:56:INFO:VAL-(False) >> loss: 1.2423 
2022-09-25 19:26:56:INFO:Text ER: >>  wa_acc: 0.4609  ua_acc: 0.4878  f1: 0.4059 
2022-09-25 19:30:04:INFO:TRAIN-(False) (1/12/1)>> loss: 1.1731 
2022-09-25 19:30:04:INFO:Text ER: >>  wa_acc: 0.4914  ua_acc: 0.5132  f1: 0.4896 
2022-09-25 19:30:17:INFO:VAL-(False) >> loss: 1.2064 
2022-09-25 19:30:17:INFO:Text ER: >>  wa_acc: 0.4938  ua_acc: 0.5057  f1: 0.4374 
2022-09-25 19:33:25:INFO:TRAIN-(False) (1/13/1)>> loss: 1.0685 
2022-09-25 19:33:25:INFO:Text ER: >>  wa_acc: 0.5357  ua_acc: 0.5574  f1: 0.5383 
2022-09-25 19:33:38:INFO:VAL-(False) >> loss: 1.1530 
2022-09-25 19:33:38:INFO:Text ER: >>  wa_acc: 0.5078  ua_acc: 0.5065  f1: 0.4579 
2022-09-25 19:36:46:INFO:TRAIN-(False) (1/14/1)>> loss: 0.9968 
2022-09-25 19:36:46:INFO:Text ER: >>  wa_acc: 0.5772  ua_acc: 0.6008  f1: 0.5829 
2022-09-25 19:36:59:INFO:VAL-(False) >> loss: 1.1239 
2022-09-25 19:36:59:INFO:Text ER: >>  wa_acc: 0.5203  ua_acc: 0.5084  f1: 0.4748 
2022-09-25 19:40:07:INFO:TRAIN-(False) (1/15/1)>> loss: 0.9483 
2022-09-25 19:40:07:INFO:Text ER: >>  wa_acc: 0.5912  ua_acc: 0.6241  f1: 0.6041 
2022-09-25 19:40:20:INFO:VAL-(False) >> loss: 1.1284 
2022-09-25 19:40:20:INFO:Text ER: >>  wa_acc: 0.5125  ua_acc: 0.4972  f1: 0.4711 
2022-09-25 19:43:21:INFO:TRAIN-(False) (2/16/1)>> loss: 0.8767 
2022-09-25 19:43:21:INFO:Text ER: >>  wa_acc: 0.6405  ua_acc: 0.6712  f1: 0.6517 
2022-09-25 19:43:34:INFO:VAL-(False) >> loss: 1.1214 
2022-09-25 19:43:34:INFO:Text ER: >>  wa_acc: 0.5422  ua_acc: 0.5220  f1: 0.4914 
2022-09-25 19:46:41:INFO:TRAIN-(False) (1/17/1)>> loss: 0.8336 
2022-09-25 19:46:42:INFO:Text ER: >>  wa_acc: 0.6518  ua_acc: 0.6805  f1: 0.6613 
2022-09-25 19:46:55:INFO:VAL-(False) >> loss: 1.1228 
2022-09-25 19:46:55:INFO:Text ER: >>  wa_acc: 0.5664  ua_acc: 0.5455  f1: 0.5304 
2022-09-25 19:49:55:INFO:TRAIN-(False) (2/18/1)>> loss: 0.7859 
2022-09-25 19:49:56:INFO:Text ER: >>  wa_acc: 0.6814  ua_acc: 0.7103  f1: 0.6926 
2022-09-25 19:50:09:INFO:VAL-(False) >> loss: 1.1508 
2022-09-25 19:50:09:INFO:Text ER: >>  wa_acc: 0.5406  ua_acc: 0.5257  f1: 0.5001 
2022-09-25 19:53:09:INFO:TRAIN-(False) (3/19/1)>> loss: 0.7316 
2022-09-25 19:53:10:INFO:Text ER: >>  wa_acc: 0.6995  ua_acc: 0.7245  f1: 0.7077 
2022-09-25 19:53:22:INFO:VAL-(False) >> loss: 1.2063 
2022-09-25 19:53:22:INFO:Text ER: >>  wa_acc: 0.5508  ua_acc: 0.5192  f1: 0.5058 
2022-09-25 19:56:23:INFO:TRAIN-(False) (4/20/1)>> loss: 0.7057 
2022-09-25 19:56:24:INFO:Text ER: >>  wa_acc: 0.7146  ua_acc: 0.7385  f1: 0.7224 
2022-09-25 19:56:37:INFO:VAL-(False) >> loss: 1.1533 
2022-09-25 19:56:37:INFO:Text ER: >>  wa_acc: 0.5508  ua_acc: 0.5380  f1: 0.5204 
2022-09-25 19:56:53:INFO:TEST-(False) >> loss: 1.1589 
2022-09-25 19:56:53:INFO:Text ER: >>  wa_acc: 0.5518  ua_acc: 0.5359  f1: 0.5067 
2022-09-25 19:56:53:INFO:Results are added to results/results/wmsa-Train-2022-9-25-18-50.csv...
