2022-09-26 12:17:44:INFO:Start running wmsa...
2022-09-26 12:17:44:INFO:<Storage{'modelname': 'wmsa', 'name': 'Train', 'dataset': 'iemocap', 'test_only': False, 'MAX_Epoch': 20, 'MIN_Epoch': 0, 'num_workers': 0, 'lr_bert': 2e-05, 'lr_other': 5e-05, 'weight_decay_text': 0.001, 'weight_decay_other': 0.001, 'post_text_dropout': 0.0, 'data_dir': 'data/', 'model_save_dir': 'results/models', 'res_save_dir': 'results/results', 'log_dir': None, 'logs_dir': 'results/logs', 'gpu_ids': [0], 'nargs_int_type': None, 'seeds': [0], 'dataPath': '../Datasets/SIMS/unaligned_39.pkl', 'seq_lens': (39, 400, 55), 'feature_dims': (768, 33, 709), 'train_samples': 1368, 'num_classes': 6, 'language': 'cn', 'KeyEval': 'Loss', 'need_normalized': False, 'use_bert': True, 'use_finetune': True, 'early_stop': 4, 'batch_size': 16, 'text_out': 1024, 'post_fusion_dim': 128, 'post_dim': 128, 'output_dim': 6, 'weight_k': 2, 'H': 3.0, 'seed': 0}>
2022-09-26 12:17:44:INFO:Let's use 1 GPUs!
2022-09-26 12:17:44:DEBUG:Starting new HTTPS connection (1): huggingface.co:443
2022-09-26 12:17:44:DEBUG:https://huggingface.co:443 "HEAD /roberta-large/resolve/main/vocab.json HTTP/1.1" 200 0
2022-09-26 12:17:45:DEBUG:Starting new HTTPS connection (1): huggingface.co:443
2022-09-26 12:17:45:DEBUG:https://huggingface.co:443 "HEAD /roberta-large/resolve/main/vocab.json HTTP/1.1" 200 0
2022-09-26 12:17:45:DEBUG:Starting new HTTPS connection (1): huggingface.co:443
2022-09-26 12:17:46:DEBUG:https://huggingface.co:443 "HEAD /roberta-large/resolve/main/vocab.json HTTP/1.1" 200 0
2022-09-26 12:17:46:DEBUG:Starting new HTTPS connection (1): huggingface.co:443
2022-09-26 12:17:46:DEBUG:https://huggingface.co:443 "HEAD /roberta-large/resolve/main/config.json HTTP/1.1" 200 0
2022-09-26 12:17:54:INFO:The model has 360166814 trainable parameters
2022-09-26 12:17:54:INFO:Start training...
2022-09-26 12:21:05:INFO:TRAIN-(False) (1/1/1)>> loss: 1.7883 
2022-09-26 12:21:05:INFO:Text ER: >>  wa_acc: 0.2261  ua_acc: 0.1562  f1: 0.1063 
2022-09-26 12:21:21:INFO:VAL-(False) >> loss: 1.7482 
2022-09-26 12:21:21:INFO:Text ER: >>  wa_acc: 0.1812  ua_acc: 0.1667  f1: 0.0511 
2022-09-26 12:24:42:INFO:TRAIN-(False) (1/2/1)>> loss: 1.7887 
2022-09-26 12:24:42:INFO:Text ER: >>  wa_acc: 0.1957  ua_acc: 0.1371  f1: 0.1010 
2022-09-26 12:24:57:INFO:VAL-(False) >> loss: 1.7445 
2022-09-26 12:24:57:INFO:Text ER: >>  wa_acc: 0.2156  ua_acc: 0.1824  f1: 0.0877 
2022-09-26 12:28:19:INFO:TRAIN-(False) (1/3/1)>> loss: 1.7885 
2022-09-26 12:28:19:INFO:Text ER: >>  wa_acc: 0.1825  ua_acc: 0.1381  f1: 0.1219 
2022-09-26 12:28:34:INFO:VAL-(False) >> loss: 1.7612 
2022-09-26 12:28:34:INFO:Text ER: >>  wa_acc: 0.2172  ua_acc: 0.1988  f1: 0.1046 
2022-09-26 12:31:50:INFO:TRAIN-(False) (2/4/1)>> loss: 1.7818 
2022-09-26 12:31:50:INFO:Text ER: >>  wa_acc: 0.2229  ua_acc: 0.1604  f1: 0.1257 
2022-09-26 12:32:05:INFO:VAL-(False) >> loss: 1.7030 
2022-09-26 12:32:05:INFO:Text ER: >>  wa_acc: 0.3289  ua_acc: 0.1753  f1: 0.0974 
2022-09-26 12:35:27:INFO:TRAIN-(False) (1/5/1)>> loss: 1.6170 
2022-09-26 12:35:27:INFO:Text ER: >>  wa_acc: 0.2970  ua_acc: 0.2746  f1: 0.2702 
2022-09-26 12:35:42:INFO:VAL-(False) >> loss: 1.5882 
2022-09-26 12:35:42:INFO:Text ER: >>  wa_acc: 0.3609  ua_acc: 0.3553  f1: 0.2670 
2022-09-26 12:39:04:INFO:TRAIN-(False) (1/6/1)>> loss: 1.3561 
2022-09-26 12:39:04:INFO:Text ER: >>  wa_acc: 0.4018  ua_acc: 0.4266  f1: 0.3905 
2022-09-26 12:39:20:INFO:VAL-(False) >> loss: 1.3210 
2022-09-26 12:39:20:INFO:Text ER: >>  wa_acc: 0.4234  ua_acc: 0.4274  f1: 0.3428 
2022-09-26 12:42:42:INFO:TRAIN-(False) (1/7/1)>> loss: 1.2010 
2022-09-26 12:42:42:INFO:Text ER: >>  wa_acc: 0.4656  ua_acc: 0.5233  f1: 0.4785 
2022-09-26 12:42:57:INFO:VAL-(False) >> loss: 1.2532 
2022-09-26 12:42:57:INFO:Text ER: >>  wa_acc: 0.4977  ua_acc: 0.4740  f1: 0.4211 
2022-09-26 12:46:19:INFO:TRAIN-(False) (1/8/1)>> loss: 1.1447 
2022-09-26 12:46:20:INFO:Text ER: >>  wa_acc: 0.5124  ua_acc: 0.5575  f1: 0.5231 
2022-09-26 12:46:35:INFO:VAL-(False) >> loss: 1.3599 
2022-09-26 12:46:35:INFO:Text ER: >>  wa_acc: 0.4570  ua_acc: 0.4351  f1: 0.3721 
2022-09-26 12:49:50:INFO:TRAIN-(False) (2/9/1)>> loss: 1.0556 
2022-09-26 12:49:50:INFO:Text ER: >>  wa_acc: 0.5401  ua_acc: 0.5912  f1: 0.5542 
2022-09-26 12:50:06:INFO:VAL-(False) >> loss: 1.4384 
2022-09-26 12:50:06:INFO:Text ER: >>  wa_acc: 0.4719  ua_acc: 0.4334  f1: 0.3566 
2022-09-26 12:53:21:INFO:TRAIN-(False) (3/10/1)>> loss: 1.0124 
2022-09-26 12:53:21:INFO:Text ER: >>  wa_acc: 0.5598  ua_acc: 0.6061  f1: 0.5729 
2022-09-26 12:53:36:INFO:VAL-(False) >> loss: 1.3201 
2022-09-26 12:53:36:INFO:Text ER: >>  wa_acc: 0.4844  ua_acc: 0.4695  f1: 0.4151 
2022-09-26 12:56:52:INFO:TRAIN-(False) (4/11/1)>> loss: 0.9666 
2022-09-26 12:56:52:INFO:Text ER: >>  wa_acc: 0.5768  ua_acc: 0.6297  f1: 0.5922 
2022-09-26 12:57:08:INFO:VAL-(False) >> loss: 1.3856 
2022-09-26 12:57:08:INFO:Text ER: >>  wa_acc: 0.4711  ua_acc: 0.4587  f1: 0.4119 
2022-09-26 12:57:26:INFO:TEST-(False) >> loss: 1.3600 
2022-09-26 12:57:26:INFO:Text ER: >>  wa_acc: 0.4177  ua_acc: 0.4398  f1: 0.3707 
2022-09-26 12:57:26:INFO:Results are added to results/results/wmsa-Train-2022-9-26-12-17.csv...
